#! /usr/bin/vvp
:ivl_version "10.1 (stable)";
:ivl_delay_selection "TYPICAL";
:vpi_time_precision - 12;
:vpi_module "system";
:vpi_module "vhdl_sys";
:vpi_module "v2005_math";
:vpi_module "va_math";
S_0x560cb7fcb500 .scope module, "circuit_tb" "circuit_tb" 2 6;
 .timescale -9 -12;
v0x560cb7feba50_0 .var "clk", 0 0;
v0x560cb7febb10_0 .var "en", 0 0;
v0x560cb7febbb0_0 .var/i "i", 31 0;
v0x560cb7febc50_0 .var "rst", 0 0;
v0x560cb7febd20_0 .net "y", 95 0, L_0x560cb7febe10;  1 drivers
E_0x560cb7fbd370 .event posedge, v0x560cb7fca1b0_0;
S_0x560cb7fcb680 .scope module, "c0" "circuit" 2 31, 3 4 0, S_0x560cb7fcb500;
 .timescale -9 -12;
    .port_info 0 /INPUT 1 "rst"
    .port_info 1 /INPUT 1 "clk"
    .port_info 2 /INPUT 1 "en"
    .port_info 3 /OUTPUT 96 "y"
P_0x560cb7fcb800 .param/l "W" 0 3 6, +C4<00000000000000000000000001100000>;
L_0x560cb7febe10 .functor BUFZ 96, v0x560cb7feb810_0, C4<000000000000000000000000000000000000000000000000000000000000000000000000000000000000000000000000>, C4<000000000000000000000000000000000000000000000000000000000000000000000000000000000000000000000000>, C4<000000000000000000000000000000000000000000000000000000000000000000000000000000000000000000000000>;
v0x560cb7fca1b0_0 .net "clk", 0 0, v0x560cb7feba50_0;  1 drivers
v0x560cb7fc6a40_0 .var "cnt", 6 0;
v0x560cb7fc6b10_0 .net "en", 0 0, v0x560cb7febb10_0;  1 drivers
v0x560cb7fc7bf0_0 .net "rst", 0 0, v0x560cb7febc50_0;  1 drivers
v0x560cb7fc7c90_0 .net "y", 95 0, L_0x560cb7febe10;  alias, 1 drivers
v0x560cb7feb730_0 .var "y_atual", 95 0;
v0x560cb7feb810_0 .var "y_int", 95 0;
v0x560cb7feb8f0_0 .var "y_next", 95 0;
E_0x560cb7fbde70 .event edge, v0x560cb7feb730_0, v0x560cb7feb8f0_0;
E_0x560cb7fbdaa0 .event posedge, v0x560cb7fc7bf0_0, v0x560cb7fca1b0_0;
    .scope S_0x560cb7fcb680;
T_0 ;
    %wait E_0x560cb7fbdaa0;
    %load/vec4 v0x560cb7fc7bf0_0;
    %flag_set/vec4 8;
    %jmp/0xz  T_0.0, 8;
    %pushi/vec4 0, 0, 96;
    %assign/vec4 v0x560cb7feb730_0, 0;
    %jmp T_0.1;
T_0.0 ;
    %load/vec4 v0x560cb7fc6a40_0;
    %pad/u 32;
    %cmpi/ne 99, 0, 32;
    %jmp/0xz  T_0.2, 4;
    %load/vec4 v0x560cb7feb810_0;
    %assign/vec4 v0x560cb7feb730_0, 0;
T_0.2 ;
T_0.1 ;
    %jmp T_0;
    .thread T_0;
    .scope S_0x560cb7fcb680;
T_1 ;
    %wait E_0x560cb7fbdaa0;
    %load/vec4 v0x560cb7fc7bf0_0;
    %flag_set/vec4 8;
    %jmp/0xz  T_1.0, 8;
    %pushi/vec4 0, 0, 96;
    %assign/vec4 v0x560cb7feb8f0_0, 0;
    %jmp T_1.1;
T_1.0 ;
    %load/vec4 v0x560cb7fc6a40_0;
    %pad/u 32;
    %cmpi/ne 99, 0, 32;
    %jmp/0xz  T_1.2, 4;
    %vpi_func 3 24 "$random" 32 {0 0 0};
    %pad/s 96;
    %assign/vec4 v0x560cb7feb8f0_0, 0;
T_1.2 ;
T_1.1 ;
    %jmp T_1;
    .thread T_1;
    .scope S_0x560cb7fcb680;
T_2 ;
    %wait E_0x560cb7fbdaa0;
    %load/vec4 v0x560cb7fc7bf0_0;
    %flag_set/vec4 8;
    %jmp/0xz  T_2.0, 8;
    %pushi/vec4 0, 0, 7;
    %assign/vec4 v0x560cb7fc6a40_0, 0;
    %jmp T_2.1;
T_2.0 ;
    %load/vec4 v0x560cb7fc6a40_0;
    %pad/u 32;
    %cmpi/ne 99, 0, 32;
    %jmp/0xz  T_2.2, 4;
    %load/vec4 v0x560cb7fc6a40_0;
    %addi 1, 0, 7;
    %assign/vec4 v0x560cb7fc6a40_0, 0;
T_2.2 ;
T_2.1 ;
    %jmp T_2;
    .thread T_2;
    .scope S_0x560cb7fcb680;
T_3 ;
    %wait E_0x560cb7fbde70;
    %load/vec4 v0x560cb7feb730_0;
    %load/vec4 v0x560cb7feb8f0_0;
    %load/vec4 v0x560cb7feb8f0_0;
    %load/vec4 v0x560cb7feb730_0;
    %cmp/u;
    %flag_get/vec4 5;
    %part/u 1;
    %pad/u 96;
    %and;
    %store/vec4 v0x560cb7feb810_0, 0, 96;
    %jmp T_3;
    .thread T_3, $push;
    .scope S_0x560cb7fcb500;
T_4 ;
    %pushi/vec4 1, 0, 1;
    %store/vec4 v0x560cb7feba50_0, 0, 1;
    %end;
    .thread T_4;
    .scope S_0x560cb7fcb500;
T_5 ;
    %delay 5000, 0;
    %load/vec4 v0x560cb7feba50_0;
    %inv;
    %store/vec4 v0x560cb7feba50_0, 0, 1;
    %jmp T_5;
    .thread T_5;
    .scope S_0x560cb7fcb500;
T_6 ;
    %pushi/vec4 0, 0, 1;
    %store/vec4 v0x560cb7febc50_0, 0, 1;
    %end;
    .thread T_6;
    .scope S_0x560cb7fcb500;
T_7 ;
    %delay 1000, 0;
    %pushi/vec4 1, 0, 1;
    %store/vec4 v0x560cb7febc50_0, 0, 1;
    %delay 10000, 0;
    %pushi/vec4 0, 0, 1;
    %store/vec4 v0x560cb7febc50_0, 0, 1;
    %end;
    .thread T_7;
    .scope S_0x560cb7fcb500;
T_8 ;
    %vpi_call 2 16 "$dumpfile", "circuit.vcd" {0 0 0};
    %vpi_call 2 17 "$dumpvars" {0 0 0};
    %pushi/vec4 0, 0, 1;
    %store/vec4 v0x560cb7febb10_0, 0, 1;
    %pushi/vec4 0, 0, 32;
    %store/vec4 v0x560cb7febbb0_0, 0, 32;
T_8.0 ;
    %load/vec4 v0x560cb7febbb0_0;
    %cmpi/s 100, 0, 32;
    %jmp/0xz T_8.1, 5;
    %wait E_0x560cb7fbd370;
    %delay 1000, 0;
    %pushi/vec4 1, 0, 1;
    %store/vec4 v0x560cb7febb10_0, 0, 1;
    %load/vec4 v0x560cb7febbb0_0;
    %addi 1, 0, 32;
    %vpi_call 2 20 "$display", "%d: %d", S<0,vec4,s32>, v0x560cb7febd20_0 {1 0 0};
    %load/vec4 v0x560cb7febbb0_0;
    %addi 1, 0, 32;
    %store/vec4 v0x560cb7febbb0_0, 0, 32;
    %jmp T_8.0;
T_8.1 ;
    %wait E_0x560cb7fbd370;
    %delay 100000, 0;
    %vpi_call 2 23 "$finish" {0 0 0};
    %end;
    .thread T_8;
# The file index is used to find the file name in the following table.
:file_names 4;
    "N/A";
    "<interactive>";
    "solution_tb.v";
    "solution.v";
